<?xml version="1.0" encoding="UTF-8"?>
<!-- Generated by org.testng.reporters.JUnitReportReporter -->
<testsuite name="cafetownsend.AppTest" tests="1" time="0.020" ignored="0" failures="0" timestamp="16 Jun 2018 18:02:44 GMT" skipped="0" hostname="DESKTOP-BMTHO9F" errors="0">
  <testcase name="shouldAnswerWithTrue" time="0.020" classname="cafetownsend.AppTest"/>
</testsuite> <!-- cafetownsend.AppTest -->
