<?xml version="1.0" encoding="UTF-8"?>
<!-- Generated by org.testng.reporters.JUnitReportReporter -->
<testsuite name="tests.TestExecution" tests="13" time="37.265" ignored="0" failures="0" timestamp="17 Jun 2018 13:49:57 GMT" skipped="0" hostname="DESKTOP-BMTHO9F" errors="0">
  <testcase name="invalidLogin" time="1.560" classname="tests.TestExecution"/>
  <testcase name="invalidLogin" time="0.571" classname="tests.TestExecution"/>
  <testcase name="validLogin" time="0.579" classname="tests.TestExecution"/>
  <testcase name="invalidCreateEmployee" time="7.552" classname="tests.TestExecution"/>
  <testcase name="deleteEmployee" time="1.589" classname="tests.TestExecution"/>
  <testcase name="invalidLogin" time="0.661" classname="tests.TestExecution"/>
  <testcase name="invalidLogin" time="0.460" classname="tests.TestExecution"/>
  <testcase name="updateEmployee" time="2.765" classname="tests.TestExecution"/>
  <testcase name="createEmployee" time="1.572" classname="tests.TestExecution"/>
  <testcase name="invalidCreateEmployee" time="6.558" classname="tests.TestExecution"/>
  <testcase name="correctLogout" time="0.222" classname="tests.TestExecution"/>
  <testcase name="invalidCreateEmployee" time="6.394" classname="tests.TestExecution"/>
  <testcase name="invalidCreateEmployee" time="6.782" classname="tests.TestExecution"/>
</testsuite> <!-- tests.TestExecution -->
